<?xml version="1.0" encoding="UTF-8"?>
<testsuites name="Demosuite" time="53.384" tests="1" failures="0" errors="0">
   <testsuite name="Demosuite" tests="1" failures="0" errors="0" time="53.384" skipped="0" timestamp="05-03-2024T11:34:51" hostname="yogalakshmi.k - Laptop-US-03.optisolbusiness.com" id="Test Suites/Demosuite">
      <properties>
[...]
</properties>
      <testcase name="Test Cases/Demo1" time="53.04" classname="Test Cases/Demo1" status="PASSED">
         <system-out><![CDATA[05-03-2024T11:34:52 - [TEST_CASE][PASSED] - Test Cases/Demo1: Test Cases/Demo1

05-03-2024T11:34:52 - [TEST_STEP][PASSED] - openBrowser(""): Browser is opened with url: ''

05-03-2024T11:34:53 - [MESSAGE][INFO] - User set preference: ['os', 'windows']

05-03-2024T11:34:53 - [MESSAGE][INFO] - User set preference: ['browserName', 'chrome']

05-03-2024T11:34:53 - [MESSAGE][INFO] - User set preference: ['browserVersion', '121']

05-03-2024T11:34:53 - [MESSAGE][INFO] - User set preference: ['katalon:option', '{organizationId=1419220, tunnelId=, usingTunnel=false}']

05-03-2024T11:34:53 - [MESSAGE][INFO] - Connecting to remote web server 'testcloud.katalon.com/hub' with type 'Selenium'

05-03-2024T11:34:54 - [MESSAGE][INFO] - Action delay is set to 0 milliseconds

05-03-2024T11:35:27 - [MESSAGE][PASSED] - Browser is opened with url: ''

05-03-2024T11:35:27 - [TEST_STEP][PASSED] - navigateToUrl("https://www.google.com/"): Navigate to 'https://www.google.com/' successfully

05-03-2024T11:35:29 - [MESSAGE][PASSED] - Navigate to 'https://www.google.com/' successfully

05-03-2024T11:35:29 - [TEST_STEP][PASSED] - click(findTestObject("Object Repository/Page_Google/a_Sign in")): Object: 'Object Repository/Page_Google/a_Sign in' is clicked on

05-03-2024T11:35:34 - [MESSAGE][PASSED] - Object: 'Object Repository/Page_Google/a_Sign in' is clicked on

05-03-2024T11:35:34 - [TEST_STEP][PASSED] - setText(findTestObject("Object Repository/Page_Sign in - Google Accounts/input_Use your Google Account_identifier"), "aarthi200398"): Text 'aarthi200398' is set on object 'Object Repository/Page_Sign in - Google Accounts/input_Use your Google Account_identifier'

05-03-2024T11:35:41 - [MESSAGE][PASSED] - Text 'aarthi200398' is set on object 'Object Repository/Page_Sign in - Google Accounts/input_Use your Google Account_identifier'

05-03-2024T11:35:41 - [TEST_STEP][PASSED] - sendKeys(findTestObject("Object Repository/Page_Sign in - Google Accounts/input_Use your Google Account_identifier"), Keys.chord(ENTER)): Keys 'ENTER + ' sent to object: 'Object Repository/Page_Sign in - Google Accounts/input_Use your Google Account_identifier'

05-03-2024T11:35:45 - [MESSAGE][PASSED] - Keys 'ENTER + ' sent to object: 'Object Repository/Page_Sign in - Google Accounts/input_Use your Google Account_identifier']]></system-out>
         <system-err><![CDATA[]]></system-err>
      </testcase>
      <system-out><![CDATA[05-03-2024T11:34:51 - [TEST_SUITE][PASSED] - Demosuite: Test Cases/Demo1]]></system-out>
      <system-err><![CDATA[]]></system-err>
   </testsuite>
</testsuites>
